<?xml version="1.0" encoding="UTF-8"?>
<testng-results skipped="0" failed="0" ignored="0" total="1" passed="1">
  <reporter-output>
  </reporter-output>
  <suite name="Default suite" duration-ms="11275" started-at="2018-12-18T16:15:00Z" finished-at="2018-12-18T16:15:11Z">
    <groups>
    </groups>
    <test name="Default test" duration-ms="11275" started-at="2018-12-18T16:15:00Z" finished-at="2018-12-18T16:15:11Z">
      <class name="calculator.gasMileageCalculator">
        <test-method status="PASS" signature="setUp()[pri:0, instance:calculator.gasMileageCalculator@66a3ffec]" name="setUp" is-config="true" duration-ms="8564" started-at="2018-12-18T16:15:00Z" finished-at="2018-12-18T16:15:08Z">
          <reporter-output>
          </reporter-output>
        </test-method> <!-- setUp -->
        <test-method status="PASS" signature="mileageReading()[pri:0, instance:calculator.gasMileageCalculator@66a3ffec]" name="mileageReading" duration-ms="1995" started-at="2018-12-18T16:15:08Z" finished-at="2018-12-18T16:15:10Z">
          <reporter-output>
          </reporter-output>
        </test-method> <!-- mileageReading -->
        <test-method status="PASS" signature="closeUp()[pri:0, instance:calculator.gasMileageCalculator@66a3ffec]" name="closeUp" is-config="true" duration-ms="683" started-at="2018-12-18T16:15:10Z" finished-at="2018-12-18T16:15:11Z">
          <reporter-output>
          </reporter-output>
        </test-method> <!-- closeUp -->
      </class> <!-- calculator.gasMileageCalculator -->
    </test> <!-- Default test -->
  </suite> <!-- Default suite -->
</testng-results>
