<?xml version="1.0" encoding="UTF-8"?>
<testng-results skipped="0" failed="0" ignored="0" total="1" passed="1">
  <reporter-output>
  </reporter-output>
  <suite name="Default suite" duration-ms="9940" started-at="2018-12-07T17:17:08Z" finished-at="2018-12-07T17:17:18Z">
    <groups>
    </groups>
    <test name="Default test" duration-ms="9940" started-at="2018-12-07T17:17:08Z" finished-at="2018-12-07T17:17:18Z">
      <class name="com.newtours.loginTest">
        <test-method status="PASS" signature="setUp()[pri:0, instance:com.newtours.loginTest@685cb137]" name="setUp" is-config="true" duration-ms="5294" started-at="2018-12-07T17:17:08Z" finished-at="2018-12-07T17:17:13Z">
          <reporter-output>
          </reporter-output>
        </test-method> <!-- setUp -->
        <test-method status="PASS" signature="login()[pri:0, instance:com.newtours.loginTest@685cb137]" name="login" duration-ms="3902" started-at="2018-12-07T17:17:13Z" finished-at="2018-12-07T17:17:17Z">
          <reporter-output>
          </reporter-output>
        </test-method> <!-- login -->
        <test-method status="PASS" signature="closeUp()[pri:0, instance:com.newtours.loginTest@685cb137]" name="closeUp" is-config="true" duration-ms="719" started-at="2018-12-07T17:17:17Z" finished-at="2018-12-07T17:17:18Z">
          <reporter-output>
          </reporter-output>
        </test-method> <!-- closeUp -->
      </class> <!-- com.newtours.loginTest -->
    </test> <!-- Default test -->
  </suite> <!-- Default suite -->
</testng-results>
