<?xml version="1.0" encoding="UTF-8"?>
<testng-results skipped="0" failed="0" ignored="0" total="2" passed="2">
  <reporter-output>
  </reporter-output>
  <suite name="Suite" duration-ms="15299" started-at="2018-12-11T18:39:35Z" finished-at="2018-12-11T18:39:50Z">
    <groups>
    </groups>
    <test name="Test" duration-ms="15299" started-at="2018-12-11T18:39:35Z" finished-at="2018-12-11T18:39:50Z">
      <class name="com.grit.gridTest">
        <test-method status="PASS" signature="login()[pri:0, instance:com.grit.gridTest@49e4cb85]" name="login" duration-ms="8093" started-at="2018-12-11T18:39:35Z" finished-at="2018-12-11T18:39:43Z">
          <reporter-output>
          </reporter-output>
        </test-method> <!-- login -->
      </class> <!-- com.grit.gridTest -->
      <class name="com.grit.gridTest2">
        <test-method status="PASS" signature="login()[pri:0, instance:com.grit.gridTest2@2133c8f8]" name="login" duration-ms="7177" started-at="2018-12-11T18:39:43Z" finished-at="2018-12-11T18:39:50Z">
          <reporter-output>
          </reporter-output>
        </test-method> <!-- login -->
      </class> <!-- com.grit.gridTest2 -->
    </test> <!-- Test -->
  </suite> <!-- Suite -->
</testng-results>
