<?xml version="1.0" encoding="UTF-8"?>
<testng-results skipped="0" failed="0" ignored="0" total="3" passed="3">
  <reporter-output>
  </reporter-output>
  <suite name="Command line suite" duration-ms="27062" started-at="2018-12-07T03:43:47Z" finished-at="2018-12-07T03:44:15Z">
    <groups>
    </groups>
    <test name="Command line test" duration-ms="27062" started-at="2018-12-07T03:43:47Z" finished-at="2018-12-07T03:44:15Z">
      <class name="cybertek2.AbcTest">
        <test-method status="PASS" signature="navigatetoAbc()[pri:0, instance:cybertek2.AbcTest@26ba2a48]" name="navigatetoAbc" duration-ms="11005" started-at="2018-12-07T03:43:55Z" finished-at="2018-12-07T03:44:06Z">
          <reporter-output>
          </reporter-output>
        </test-method> <!-- navigatetoAbc -->
      </class> <!-- cybertek2.AbcTest -->
      <class name="cybertek2.CnnTest">
        <test-method status="PASS" signature="navigatetoCnn()[pri:0, instance:cybertek2.CnnTest@5f2050f6]" name="navigatetoCnn" duration-ms="8505" started-at="2018-12-07T03:44:06Z" finished-at="2018-12-07T03:44:15Z">
          <reporter-output>
          </reporter-output>
        </test-method> <!-- navigatetoCnn -->
      </class> <!-- cybertek2.CnnTest -->
      <class name="cybertek.AmazonTest">
        <test-method status="PASS" signature="navigatetoamazon()[pri:0, instance:cybertek.AmazonTest@42d3bd8b]" name="navigatetoamazon" duration-ms="7520" started-at="2018-12-07T03:43:48Z" finished-at="2018-12-07T03:43:55Z">
          <reporter-output>
          </reporter-output>
        </test-method> <!-- navigatetoamazon -->
      </class> <!-- cybertek.AmazonTest -->
    </test> <!-- Command line test -->
  </suite> <!-- Command line suite -->
</testng-results>
