<?xml version="1.0" encoding="UTF-8"?>
<!-- Generated by org.testng.reporters.JUnitXMLReporter -->
<testsuite hostname="DESKTOP-MMGRP4T" ignored="0" name="Test" tests="4" failures="3" timestamp="07 Dec 2018 14:46:39 GMT" time="13.108" errors="0">
  <testcase name="navigatetoDice" time="13.065" classname="project.navigateDice"/>
  <testcase name="test" time="0.0" classname="project.navigateDice">
    <failure type="java.lang.NullPointerException">
      <![CDATA[java.lang.NullPointerException
at project.navigateDice.test(navigateDice.java:30)
... Removed 34 stack frames]]>
    </failure>
  </testcase> <!-- test -->
  <testcase name="test" time="0.0" classname="project.navigateDice">
    <failure type="java.lang.NullPointerException">
      <![CDATA[java.lang.NullPointerException
at project.navigateDice.test(navigateDice.java:30)
... Removed 34 stack frames]]>
    </failure>
  </testcase> <!-- test -->
  <testcase name="test" time="0.0" classname="project.navigateDice">
    <failure type="java.lang.NullPointerException">
      <![CDATA[java.lang.NullPointerException
at project.navigateDice.test(navigateDice.java:30)
... Removed 34 stack frames]]>
    </failure>
  </testcase> <!-- test -->
</testsuite> <!-- Test -->
