<?xml version="1.0" encoding="UTF-8"?>
<!-- Generated by org.testng.reporters.JUnitXMLReporter -->
<testsuite hostname="DESKTOP-MMGRP4T" ignored="0" name="Test" tests="1" failures="1" timestamp="11 Dec 2018 22:33:39 GMT" time="25.28" errors="0">
  <testcase name="printExcel" time="17.003" classname="com.zoho.zohoTest">
    <failure type="java.lang.IndexOutOfBoundsException" message="Index: 100, Size: 100">
      <![CDATA[java.lang.IndexOutOfBoundsException: Index: 100, Size: 100
at java.util.ArrayList.rangeCheck(ArrayList.java:657)
at java.util.ArrayList.get(ArrayList.java:433)
at com.zoho.zohoTest.printExcel(zohoTest.java:68)
... Removed 29 stack frames]]>
    </failure>
  </testcase> <!-- printExcel -->
</testsuite> <!-- Test -->
