<?xml version="1.0" encoding="UTF-8"?>
<testng-results skipped="0" failed="0" ignored="0" total="1" passed="1">
  <reporter-output>
  </reporter-output>
  <suite name="Suite" duration-ms="10014" started-at="2018-12-07T12:20:16 EST" finished-at="2018-12-07T12:20:26 EST">
    <groups>
    </groups>
    <test name="Test" duration-ms="10014" started-at="2018-12-07T12:20:16 EST" finished-at="2018-12-07T12:20:26 EST">
      <class name="com.newtours.loginTest">
        <test-method status="PASS" signature="setUp()[pri:0, instance:com.newtours.loginTest@475530b9]" name="setUp" is-config="true" duration-ms="5361" started-at="2018-12-07T12:20:16 EST" finished-at="2018-12-07T12:20:21 EST">
          <reporter-output>
          </reporter-output>
        </test-method> <!-- setUp -->
        <test-method status="PASS" signature="login()[pri:0, instance:com.newtours.loginTest@475530b9]" name="login" duration-ms="3914" started-at="2018-12-07T12:20:21 EST" finished-at="2018-12-07T12:20:25 EST">
          <reporter-output>
          </reporter-output>
        </test-method> <!-- login -->
        <test-method status="PASS" signature="closeUp()[pri:0, instance:com.newtours.loginTest@475530b9]" name="closeUp" is-config="true" duration-ms="709" started-at="2018-12-07T12:20:25 EST" finished-at="2018-12-07T12:20:26 EST">
          <reporter-output>
          </reporter-output>
        </test-method> <!-- closeUp -->
      </class> <!-- com.newtours.loginTest -->
    </test> <!-- Test -->
  </suite> <!-- Suite -->
</testng-results>
