<?xml version="1.0" encoding="UTF-8"?>
<testng-results skipped="0" failed="0" ignored="0" total="1" passed="1">
  <reporter-output>
  </reporter-output>
  <suite name="Suite" duration-ms="15519" started-at="2018-12-10T22:02:19Z" finished-at="2018-12-10T22:02:34Z">
    <groups>
    </groups>
    <test name="Test" duration-ms="15519" started-at="2018-12-10T22:02:19Z" finished-at="2018-12-10T22:02:34Z">
      <class name="com.google.goodleSearchTest">
        <test-method status="PASS" signature="setUp()[pri:0, instance:com.google.goodleSearchTest@1b7cc17c]" name="setUp" is-config="true" duration-ms="6627" started-at="2018-12-10T22:02:19Z" finished-at="2018-12-10T22:02:25Z">
          <reporter-output>
          </reporter-output>
        </test-method> <!-- setUp -->
        <test-method status="PASS" signature="searchResult()[pri:0, instance:com.google.goodleSearchTest@1b7cc17c]" name="searchResult" duration-ms="8135" started-at="2018-12-10T22:02:25Z" finished-at="2018-12-10T22:02:34Z">
          <reporter-output>
          </reporter-output>
        </test-method> <!-- searchResult -->
        <test-method status="PASS" signature="closeUp()[pri:0, instance:com.google.goodleSearchTest@1b7cc17c]" name="closeUp" is-config="true" duration-ms="737" started-at="2018-12-10T22:02:34Z" finished-at="2018-12-10T22:02:34Z">
          <reporter-output>
          </reporter-output>
        </test-method> <!-- closeUp -->
      </class> <!-- com.google.goodleSearchTest -->
    </test> <!-- Test -->
  </suite> <!-- Suite -->
</testng-results>
