<?xml version="1.0" encoding="UTF-8"?>
<!-- Generated by org.testng.reporters.JUnitXMLReporter -->
<testsuite hostname="DESKTOP-MMGRP4T" ignored="0" name="Command line test" tests="4" failures="3" timestamp="07 Dec 2018 14:43:09 GMT" time="23.826" errors="0">
  <testcase name="@AfterTest closeBrowser" time="0.015" classname="project.diceTest">
    <failure type="org.openqa.selenium.NoSuchSessionException" message="Session ID is null. Using WebDriver after calling quit()?
Build info: version: &amp;apos;3.14.0&amp;apos;, revision: &amp;apos;aacccce0&amp;apos;, time: &amp;apos;2018-08-02T20:19:58.91Z&amp;apos;
System info: host: &amp;apos;DESKTOP-MMGRP4T&amp;apos;, ip: &amp;apos;192.168.110.109&amp;apos;, os.name: &amp;apos;Windows 10&amp;apos;, os.arch: &amp;apos;amd64&amp;apos;, os.version: &amp;apos;10.0&amp;apos;, java.version: &amp;apos;1.8.0_181&amp;apos;
Driver info: driver.version: RemoteWebDriver">
      <![CDATA[org.openqa.selenium.NoSuchSessionException: Session ID is null. Using WebDriver after calling quit()?
Build info: version: '3.14.0', revision: 'aacccce0', time: '2018-08-02T20:19:58.91Z'
System info: host: 'DESKTOP-MMGRP4T', ip: '192.168.110.109', os.name: 'Windows 10', os.arch: 'amd64', os.version: '10.0', java.version: '1.8.0_181'
Driver info: driver.version: RemoteWebDriver
at org.openqa.selenium.remote.HttpCommandExecutor.execute(HttpCommandExecutor.java:125)
at org.openqa.selenium.remote.service.DriverCommandExecutor.execute(DriverCommandExecutor.java:83)
at org.openqa.selenium.remote.RemoteWebDriver.execute(RemoteWebDriver.java:548)
at org.openqa.selenium.remote.RemoteWebDriver.execute(RemoteWebDriver.java:605)
at org.openqa.selenium.remote.RemoteWebDriver.close(RemoteWebDriver.java:438)
at project.diceTest.closeBrowser(diceTest.java:29)
... Removed 33 stack frames]]>
    </failure>
  </testcase> <!-- @AfterTest closeBrowser -->
  <testcase name="SearchBox" time="0.007" classname="project.diceTest">
    <failure type="java.lang.NullPointerException">
      <![CDATA[java.lang.NullPointerException
at project.diceTest.SearchBox(diceTest.java:47)
... Removed 34 stack frames]]>
    </failure>
  </testcase> <!-- SearchBox -->
  <testcase name="SearchBox" time="0.0" classname="project.diceTest">
    <failure type="java.lang.NullPointerException">
      <![CDATA[java.lang.NullPointerException
at project.diceTest.SearchBox(diceTest.java:47)
... Removed 34 stack frames]]>
    </failure>
  </testcase> <!-- SearchBox -->
  <testcase name="SearchBox" time="0.0" classname="project.diceTest">
    <failure type="java.lang.NullPointerException">
      <![CDATA[java.lang.NullPointerException
at project.diceTest.SearchBox(diceTest.java:47)
... Removed 34 stack frames]]>
    </failure>
  </testcase> <!-- SearchBox -->
  <testcase name="navigateToDice" time="10.901" classname="project.diceTest"/>
</testsuite> <!-- Command line test -->
