-------------------------------------------------------------------------------
Test set: TestSuite
-------------------------------------------------------------------------------
Tests run: 1, Failures: 1, Errors: 0, Skipped: 0, Time elapsed: 26.232 s <<< FAILURE! - in TestSuite
printExcel(com.zoho.zohoTest)  Time elapsed: 17.008 s  <<< FAILURE!
java.lang.IndexOutOfBoundsException: Index: 100, Size: 100
	at com.zoho.zohoTest.printExcel(zohoTest.java:68)

