<?xml version="1.0" encoding="UTF-8"?>
<testng-results skipped="0" failed="0" ignored="0" total="1" passed="1">
  <reporter-output>
  </reporter-output>
  <suite name="Suite" duration-ms="13780" started-at="2018-12-11T19:50:26Z" finished-at="2018-12-11T19:50:40Z">
    <groups>
    </groups>
    <test name="Test" duration-ms="13780" started-at="2018-12-11T19:50:26Z" finished-at="2018-12-11T19:50:40Z">
      <class name="com.cibertek.sauceTest">
        <test-method status="PASS" signature="login()[pri:0, instance:com.cibertek.sauceTest@7c30a502]" name="login" duration-ms="13754" started-at="2018-12-11T19:50:26Z" finished-at="2018-12-11T19:50:40Z">
          <reporter-output>
          </reporter-output>
        </test-method> <!-- login -->
      </class> <!-- com.cibertek.sauceTest -->
    </test> <!-- Test -->
  </suite> <!-- Suite -->
</testng-results>
