<?xml version="1.0" encoding="UTF-8"?>
<!-- Generated by org.testng.reporters.JUnitXMLReporter -->
<testsuite hostname="DESKTOP-MMGRP4T" ignored="0" name="Command line test" tests="3" failures="0" timestamp="07 Dec 2018 03:44:15 GMT" time="27.062" errors="0">
  <testcase name="navigatetoamazon" time="7.52" classname="cybertek.AmazonTest"/>
  <testcase name="navigatetoAbc" time="11.005" classname="cybertek2.AbcTest"/>
  <testcase name="navigatetoCnn" time="8.505" classname="cybertek2.CnnTest"/>
</testsuite> <!-- Command line test -->
