<?xml version="1.0" encoding="UTF-8"?>
<testng-results skipped="0" failed="0" ignored="0" total="1" passed="1">
  <reporter-output>
  </reporter-output>
  <suite name="Default suite" duration-ms="16106" started-at="2018-12-19T00:29:28Z" finished-at="2018-12-19T00:29:44Z">
    <groups>
    </groups>
    <test name="Default test" duration-ms="16106" started-at="2018-12-19T00:29:28Z" finished-at="2018-12-19T00:29:44Z">
      <class name="com.gascalculator.testcases.DDFTest">
        <test-method status="PASS" signature="setup()[pri:0, instance:com.gascalculator.testcases.DDFTest@139982de]" name="setup" is-config="true" duration-ms="5300" started-at="2018-12-19T00:29:28Z" finished-at="2018-12-19T00:29:33Z">
          <reporter-output>
          </reporter-output>
        </test-method> <!-- setup -->
        <test-method status="PASS" signature="calculateTest()[pri:0, instance:com.gascalculator.testcases.DDFTest@139982de]" name="calculateTest" duration-ms="9866" started-at="2018-12-19T00:29:33Z" finished-at="2018-12-19T00:29:43Z">
          <reporter-output>
          </reporter-output>
        </test-method> <!-- calculateTest -->
        <test-method status="PASS" signature="closeup()[pri:0, instance:com.gascalculator.testcases.DDFTest@139982de]" name="closeup" is-config="true" duration-ms="902" started-at="2018-12-19T00:29:43Z" finished-at="2018-12-19T00:29:44Z">
          <reporter-output>
          </reporter-output>
        </test-method> <!-- closeup -->
      </class> <!-- com.gascalculator.testcases.DDFTest -->
    </test> <!-- Default test -->
  </suite> <!-- Default suite -->
</testng-results>
